TN:
SF:k6\PenaP.js
FN:12,(anonymous_0)
FN:15,(anonymous_1)
FN:52,(anonymous_2)
FN:95,(anonymous_3)
FN:131,(anonymous_4)
FN:134,(anonymous_5)
FN:173,(anonymous_6)
FN:176,(anonymous_7)
FN:215,(anonymous_8)
FN:218,(anonymous_9)
FN:257,(anonymous_10)
FN:260,(anonymous_11)
FN:301,(anonymous_12)
FN:304,(anonymous_13)
FN:343,(anonymous_14)
FN:346,(anonymous_15)
FN:385,(anonymous_16)
FN:388,(anonymous_17)
FN:425,(anonymous_18)
FN:428,(anonymous_19)
FN:465,(anonymous_20)
FN:468,(anonymous_21)
FN:496,(anonymous_22)
FN:499,(anonymous_23)
FN:527,(anonymous_24)
FN:530,(anonymous_25)
FN:567,(anonymous_26)
FN:570,(anonymous_27)
FN:609,(anonymous_28)
FN:612,(anonymous_29)
FN:649,(anonymous_30)
FN:652,(anonymous_31)
FN:693,(anonymous_32)
FN:696,(anonymous_33)
FN:726,(anonymous_34)
FN:729,(anonymous_35)
FN:759,(anonymous_36)
FN:762,(anonymous_37)
FN:789,(anonymous_38)
FN:792,(anonymous_39)
FN:830,(anonymous_40)
FN:833,(anonymous_41)
FN:861,(anonymous_42)
FN:864,(anonymous_43)
FN:894,(anonymous_44)
FN:933,(anonymous_45)
FN:936,(anonymous_46)
FN:977,(anonymous_47)
FN:980,(anonymous_48)
FN:1021,(anonymous_49)
FN:1024,(anonymous_50)
FN:1065,(anonymous_51)
FN:1068,(anonymous_52)
FN:1138,(anonymous_53)
FN:1141,(anonymous_54)
FNF:55
FNH:0
FNDA:0,(anonymous_0)
FNDA:0,(anonymous_1)
FNDA:0,(anonymous_2)
FNDA:0,(anonymous_3)
FNDA:0,(anonymous_4)
FNDA:0,(anonymous_5)
FNDA:0,(anonymous_6)
FNDA:0,(anonymous_7)
FNDA:0,(anonymous_8)
FNDA:0,(anonymous_9)
FNDA:0,(anonymous_10)
FNDA:0,(anonymous_11)
FNDA:0,(anonymous_12)
FNDA:0,(anonymous_13)
FNDA:0,(anonymous_14)
FNDA:0,(anonymous_15)
FNDA:0,(anonymous_16)
FNDA:0,(anonymous_17)
FNDA:0,(anonymous_18)
FNDA:0,(anonymous_19)
FNDA:0,(anonymous_20)
FNDA:0,(anonymous_21)
FNDA:0,(anonymous_22)
FNDA:0,(anonymous_23)
FNDA:0,(anonymous_24)
FNDA:0,(anonymous_25)
FNDA:0,(anonymous_26)
FNDA:0,(anonymous_27)
FNDA:0,(anonymous_28)
FNDA:0,(anonymous_29)
FNDA:0,(anonymous_30)
FNDA:0,(anonymous_31)
FNDA:0,(anonymous_32)
FNDA:0,(anonymous_33)
FNDA:0,(anonymous_34)
FNDA:0,(anonymous_35)
FNDA:0,(anonymous_36)
FNDA:0,(anonymous_37)
FNDA:0,(anonymous_38)
FNDA:0,(anonymous_39)
FNDA:0,(anonymous_40)
FNDA:0,(anonymous_41)
FNDA:0,(anonymous_42)
FNDA:0,(anonymous_43)
FNDA:0,(anonymous_44)
FNDA:0,(anonymous_45)
FNDA:0,(anonymous_46)
FNDA:0,(anonymous_47)
FNDA:0,(anonymous_48)
FNDA:0,(anonymous_49)
FNDA:0,(anonymous_50)
FNDA:0,(anonymous_51)
FNDA:0,(anonymous_52)
FNDA:0,(anonymous_53)
FNDA:0,(anonymous_54)
DA:8,0
DA:15,0
DA:18,0
DA:52,0
DA:54,0
DA:88,0
DA:89,0
DA:90,0
DA:91,0
DA:92,0
DA:93,0
DA:95,0
DA:98,0
DA:130,0
DA:131,0
DA:133,0
DA:134,0
DA:135,0
DA:138,0
DA:172,0
DA:173,0
DA:175,0
DA:176,0
DA:177,0
DA:180,0
DA:214,0
DA:215,0
DA:217,0
DA:218,0
DA:219,0
DA:222,0
DA:256,0
DA:257,0
DA:259,0
DA:260,0
DA:261,0
DA:264,0
DA:300,0
DA:301,0
DA:303,0
DA:304,0
DA:305,0
DA:308,0
DA:342,0
DA:343,0
DA:345,0
DA:346,0
DA:347,0
DA:350,0
DA:384,0
DA:385,0
DA:387,0
DA:388,0
DA:389,0
DA:392,0
DA:424,0
DA:425,0
DA:427,0
DA:428,0
DA:429,0
DA:432,0
DA:464,0
DA:465,0
DA:467,0
DA:468,0
DA:469,0
DA:472,0
DA:495,0
DA:496,0
DA:498,0
DA:499,0
DA:500,0
DA:503,0
DA:526,0
DA:527,0
DA:529,0
DA:530,0
DA:531,0
DA:534,0
DA:566,0
DA:567,0
DA:569,0
DA:570,0
DA:571,0
DA:574,0
DA:608,0
DA:609,0
DA:611,0
DA:612,0
DA:613,0
DA:616,0
DA:648,0
DA:649,0
DA:651,0
DA:652,0
DA:653,0
DA:656,0
DA:692,0
DA:693,0
DA:695,0
DA:696,0
DA:697,0
DA:700,0
DA:725,0
DA:726,0
DA:728,0
DA:729,0
DA:730,0
DA:733,0
DA:758,0
DA:759,0
DA:761,0
DA:762,0
DA:763,0
DA:766,0
DA:788,0
DA:789,0
DA:791,0
DA:792,0
DA:793,0
DA:797,0
DA:829,0
DA:830,0
DA:832,0
DA:833,0
DA:834,0
DA:837,0
DA:860,0
DA:861,0
DA:863,0
DA:864,0
DA:865,0
DA:868,0
DA:894,0
DA:896,0
DA:932,0
DA:933,0
DA:935,0
DA:936,0
DA:937,0
DA:940,0
DA:976,0
DA:977,0
DA:979,0
DA:980,0
DA:981,0
DA:984,0
DA:1020,0
DA:1021,0
DA:1023,0
DA:1024,0
DA:1025,0
DA:1028,0
DA:1064,0
DA:1065,0
DA:1067,0
DA:1068,0
DA:1069,0
DA:1072,0
DA:1105,0
DA:1137,0
DA:1138,0
DA:1140,0
DA:1141,0
DA:1142,0
LF:165
LH:0
BRDA:130,0,0,0
BRDA:130,0,1,0
BRDA:172,1,0,0
BRDA:172,1,1,0
BRDA:214,2,0,0
BRDA:214,2,1,0
BRDA:256,3,0,0
BRDA:256,3,1,0
BRDA:300,4,0,0
BRDA:300,4,1,0
BRDA:342,5,0,0
BRDA:342,5,1,0
BRDA:384,6,0,0
BRDA:384,6,1,0
BRDA:424,7,0,0
BRDA:424,7,1,0
BRDA:464,8,0,0
BRDA:464,8,1,0
BRDA:495,9,0,0
BRDA:495,9,1,0
BRDA:526,10,0,0
BRDA:526,10,1,0
BRDA:566,11,0,0
BRDA:566,11,1,0
BRDA:608,12,0,0
BRDA:608,12,1,0
BRDA:648,13,0,0
BRDA:648,13,1,0
BRDA:692,14,0,0
BRDA:692,14,1,0
BRDA:725,15,0,0
BRDA:725,15,1,0
BRDA:758,16,0,0
BRDA:758,16,1,0
BRDA:788,17,0,0
BRDA:788,17,1,0
BRDA:829,18,0,0
BRDA:829,18,1,0
BRDA:860,19,0,0
BRDA:860,19,1,0
BRDA:932,20,0,0
BRDA:932,20,1,0
BRDA:976,21,0,0
BRDA:976,21,1,0
BRDA:1020,22,0,0
BRDA:1020,22,1,0
BRDA:1064,23,0,0
BRDA:1064,23,1,0
BRDA:1137,24,0,0
BRDA:1137,24,1,0
BRF:50
BRH:0
end_of_record
TN:
SF:k6\bodyValidation.js
FN:4,(anonymous_0)
FN:9,(anonymous_1)
FN:12,(anonymous_2)
FN:20,(anonymous_3)
FNF:4
FNH:0
FNDA:0,(anonymous_0)
FNDA:0,(anonymous_1)
FNDA:0,(anonymous_2)
FNDA:0,(anonymous_3)
DA:5,0
DA:6,0
DA:8,0
DA:9,0
DA:11,0
DA:12,0
DA:13,0
DA:17,0
DA:18,0
DA:19,0
DA:20,0
LF:11
LH:0
BRDA:8,0,0,0
BRDA:8,0,1,0
BRF:2
BRH:0
end_of_record
TN:
SF:k6\login.js
FN:10,(anonymous_0)
FN:48,(anonymous_1)
FN:96,(anonymous_2)
FN:132,(anonymous_3)
FN:135,(anonymous_4)
FNF:5
FNH:0
FNDA:0,(anonymous_0)
FNDA:0,(anonymous_1)
FNDA:0,(anonymous_2)
FNDA:0,(anonymous_3)
FNDA:0,(anonymous_4)
DA:10,0
DA:11,0
DA:14,0
DA:48,0
DA:50,0
DA:84,0
DA:85,0
DA:87,0
DA:88,0
DA:90,0
DA:93,0
DA:96,0
DA:99,0
DA:131,0
DA:132,0
DA:134,0
DA:135,0
DA:136,0
DA:139,0
LF:19
LH:0
BRDA:131,0,0,0
BRDA:131,0,1,0
BRF:2
BRH:0
end_of_record
TN:
SF:k6\logout.js
FN:10,(anonymous_0)
FN:48,(anonymous_1)
FN:51,(anonymous_2)
FN:90,(anonymous_3)
FN:93,(anonymous_4)
FN:132,(anonymous_5)
FN:135,(anonymous_6)
FN:176,(anonymous_7)
FN:179,(anonymous_8)
FN:218,(anonymous_9)
FN:221,(anonymous_10)
FN:260,(anonymous_11)
FN:263,(anonymous_12)
FN:300,(anonymous_13)
FN:303,(anonymous_14)
FN:340,(anonymous_15)
FN:343,(anonymous_16)
FN:371,(anonymous_17)
FN:374,(anonymous_18)
FN:402,(anonymous_19)
FN:405,(anonymous_20)
FN:442,(anonymous_21)
FN:445,(anonymous_22)
FN:484,(anonymous_23)
FN:487,(anonymous_24)
FN:524,(anonymous_25)
FN:527,(anonymous_26)
FN:568,(anonymous_27)
FN:571,(anonymous_28)
FN:601,(anonymous_29)
FN:604,(anonymous_30)
FN:634,(anonymous_31)
FN:637,(anonymous_32)
FN:664,(anonymous_33)
FN:667,(anonymous_34)
FN:705,(anonymous_35)
FN:708,(anonymous_36)
FN:736,(anonymous_37)
FN:739,(anonymous_38)
FN:769,(anonymous_39)
FN:808,(anonymous_40)
FN:811,(anonymous_41)
FN:852,(anonymous_42)
FN:855,(anonymous_43)
FN:896,(anonymous_44)
FN:899,(anonymous_45)
FN:940,(anonymous_46)
FN:943,(anonymous_47)
FN:1013,(anonymous_48)
FN:1016,(anonymous_49)
FNF:50
FNH:0
FNDA:0,(anonymous_0)
FNDA:0,(anonymous_1)
FNDA:0,(anonymous_2)
FNDA:0,(anonymous_3)
FNDA:0,(anonymous_4)
FNDA:0,(anonymous_5)
FNDA:0,(anonymous_6)
FNDA:0,(anonymous_7)
FNDA:0,(anonymous_8)
FNDA:0,(anonymous_9)
FNDA:0,(anonymous_10)
FNDA:0,(anonymous_11)
FNDA:0,(anonymous_12)
FNDA:0,(anonymous_13)
FNDA:0,(anonymous_14)
FNDA:0,(anonymous_15)
FNDA:0,(anonymous_16)
FNDA:0,(anonymous_17)
FNDA:0,(anonymous_18)
FNDA:0,(anonymous_19)
FNDA:0,(anonymous_20)
FNDA:0,(anonymous_21)
FNDA:0,(anonymous_22)
FNDA:0,(anonymous_23)
FNDA:0,(anonymous_24)
FNDA:0,(anonymous_25)
FNDA:0,(anonymous_26)
FNDA:0,(anonymous_27)
FNDA:0,(anonymous_28)
FNDA:0,(anonymous_29)
FNDA:0,(anonymous_30)
FNDA:0,(anonymous_31)
FNDA:0,(anonymous_32)
FNDA:0,(anonymous_33)
FNDA:0,(anonymous_34)
FNDA:0,(anonymous_35)
FNDA:0,(anonymous_36)
FNDA:0,(anonymous_37)
FNDA:0,(anonymous_38)
FNDA:0,(anonymous_39)
FNDA:0,(anonymous_40)
FNDA:0,(anonymous_41)
FNDA:0,(anonymous_42)
FNDA:0,(anonymous_43)
FNDA:0,(anonymous_44)
FNDA:0,(anonymous_45)
FNDA:0,(anonymous_46)
FNDA:0,(anonymous_47)
FNDA:0,(anonymous_48)
FNDA:0,(anonymous_49)
DA:10,0
DA:13,0
DA:47,0
DA:48,0
DA:50,0
DA:51,0
DA:52,0
DA:55,0
DA:89,0
DA:90,0
DA:92,0
DA:93,0
DA:94,0
DA:97,0
DA:131,0
DA:132,0
DA:134,0
DA:135,0
DA:136,0
DA:139,0
DA:175,0
DA:176,0
DA:178,0
DA:179,0
DA:180,0
DA:183,0
DA:217,0
DA:218,0
DA:220,0
DA:221,0
DA:222,0
DA:225,0
DA:259,0
DA:260,0
DA:262,0
DA:263,0
DA:264,0
DA:267,0
DA:299,0
DA:300,0
DA:302,0
DA:303,0
DA:304,0
DA:307,0
DA:339,0
DA:340,0
DA:342,0
DA:343,0
DA:344,0
DA:347,0
DA:370,0
DA:371,0
DA:373,0
DA:374,0
DA:375,0
DA:378,0
DA:401,0
DA:402,0
DA:404,0
DA:405,0
DA:406,0
DA:409,0
DA:441,0
DA:442,0
DA:444,0
DA:445,0
DA:446,0
DA:449,0
DA:483,0
DA:484,0
DA:486,0
DA:487,0
DA:488,0
DA:491,0
DA:523,0
DA:524,0
DA:526,0
DA:527,0
DA:528,0
DA:531,0
DA:567,0
DA:568,0
DA:570,0
DA:571,0
DA:572,0
DA:575,0
DA:600,0
DA:601,0
DA:603,0
DA:604,0
DA:605,0
DA:608,0
DA:633,0
DA:634,0
DA:636,0
DA:637,0
DA:638,0
DA:641,0
DA:663,0
DA:664,0
DA:666,0
DA:667,0
DA:668,0
DA:672,0
DA:704,0
DA:705,0
DA:707,0
DA:708,0
DA:709,0
DA:712,0
DA:735,0
DA:736,0
DA:738,0
DA:739,0
DA:740,0
DA:743,0
DA:769,0
DA:771,0
DA:807,0
DA:808,0
DA:810,0
DA:811,0
DA:812,0
DA:815,0
DA:851,0
DA:852,0
DA:854,0
DA:855,0
DA:856,0
DA:859,0
DA:895,0
DA:896,0
DA:898,0
DA:899,0
DA:900,0
DA:903,0
DA:939,0
DA:940,0
DA:942,0
DA:943,0
DA:944,0
DA:947,0
DA:980,0
DA:1012,0
DA:1013,0
DA:1015,0
DA:1016,0
DA:1017,0
LF:148
LH:0
BRDA:47,0,0,0
BRDA:47,0,1,0
BRDA:89,1,0,0
BRDA:89,1,1,0
BRDA:131,2,0,0
BRDA:131,2,1,0
BRDA:175,3,0,0
BRDA:175,3,1,0
BRDA:217,4,0,0
BRDA:217,4,1,0
BRDA:259,5,0,0
BRDA:259,5,1,0
BRDA:299,6,0,0
BRDA:299,6,1,0
BRDA:339,7,0,0
BRDA:339,7,1,0
BRDA:370,8,0,0
BRDA:370,8,1,0
BRDA:401,9,0,0
BRDA:401,9,1,0
BRDA:441,10,0,0
BRDA:441,10,1,0
BRDA:483,11,0,0
BRDA:483,11,1,0
BRDA:523,12,0,0
BRDA:523,12,1,0
BRDA:567,13,0,0
BRDA:567,13,1,0
BRDA:600,14,0,0
BRDA:600,14,1,0
BRDA:633,15,0,0
BRDA:633,15,1,0
BRDA:663,16,0,0
BRDA:663,16,1,0
BRDA:704,17,0,0
BRDA:704,17,1,0
BRDA:735,18,0,0
BRDA:735,18,1,0
BRDA:807,19,0,0
BRDA:807,19,1,0
BRDA:851,20,0,0
BRDA:851,20,1,0
BRDA:895,21,0,0
BRDA:895,21,1,0
BRDA:939,22,0,0
BRDA:939,22,1,0
BRDA:1012,23,0,0
BRDA:1012,23,1,0
BRF:48
BRH:0
end_of_record
TN:
SF:k6\nameValidation.js
FN:13,(anonymous_0)
FN:18,(anonymous_1)
FN:19,(anonymous_2)
FN:23,(anonymous_3)
FNF:4
FNH:0
FNDA:0,(anonymous_0)
FNDA:0,(anonymous_1)
FNDA:0,(anonymous_2)
FNDA:0,(anonymous_3)
DA:5,0
DA:14,0
DA:15,0
DA:17,0
DA:18,0
DA:19,0
DA:21,0
DA:22,0
DA:23,0
LF:9
LH:0
BRF:0
BRH:0
end_of_record
TN:
SF:k6\practiceHar.js
FN:12,(anonymous_0)
FN:14,(anonymous_1)
FNF:2
FNH:0
FNDA:0,(anonymous_0)
FNDA:0,(anonymous_1)
DA:8,0
DA:14,0
DA:16,0
DA:52,0
DA:53,0
DA:54,0
DA:90,0
DA:91,0
DA:92,0
DA:126,0
DA:127,0
DA:128,0
DA:666,0
DA:667,0
DA:668,0
DA:725,0
DA:726,0
DA:727,0
DA:778,0
DA:779,0
DA:780,0
DA:818,0
DA:819,0
DA:820,0
DA:858,0
DA:859,0
DA:860,0
DA:898,0
DA:899,0
DA:900,0
DA:938,0
DA:939,0
DA:940,0
DA:1007,0
DA:1009,0
LF:35
LH:0
BRF:0
BRH:0
end_of_record
TN:
SF:k6\test.js
FN:4,(anonymous_0)
FN:9,(anonymous_1)
FN:10,(anonymous_2)
FNF:3
FNH:0
FNDA:0,(anonymous_0)
FNDA:0,(anonymous_1)
FNDA:0,(anonymous_2)
DA:5,0
DA:6,0
DA:7,0
DA:8,0
DA:9,0
DA:10,0
LF:6
LH:0
BRF:0
BRH:0
end_of_record
TN:
SF:k6\testRunner.js
FN:7,(anonymous_0)
FNF:1
FNH:0
FNDA:0,(anonymous_0)
DA:9,0
DA:10,0
LF:2
LH:0
BRF:0
BRH:0
end_of_record
